
**** Build of configuration Debug for project Homework01a ****

"C:\\ti\\ccs1281\\ccs\\utils\\bin\\gmake" -k -j 8 all -O 
 
Building file: "../main.c"
Invoking: MSP430 Compiler
"C:/ti/ccs1281/ccs/tools/compiler/ti-cgt-msp430_21.6.1.LTS/bin/cl430" -vmspx --use_hw_mpy=F5 --include_path="C:/ti/ccs1281/ccs/ccs_base/msp430/include" --include_path="C:/Users/ohmap/Downloads/ECE306 Files/Homework 1/Homework01a" --include_path="C:/ti/ccs1281/ccs/tools/compiler/ti-cgt-msp430_21.6.1.LTS/include" --advice:power=all --advice:hw_config=all --define=__MSP430FR2355__ --define=_FRWP_ENABLE --define=_INFO_FRWP_ENABLE -g --printf_support=minimal --diag_warning=225 --diag_wrap=off --display_error_number --silicon_errata=CPU21 --silicon_errata=CPU22 --silicon_errata=CPU40 --preproc_with_compile --preproc_dependency="main.d_raw"  "../main.c"
"..\Include\LCD.h", line 46: warning #48-D: incompatible redefinition of macro "NULL" (declared at line 60 of "C:/ti/ccs1281/ccs/tools/compiler/ti-cgt-msp430_21.6.1.LTS/include/string.h")
"../main.c", line 99: remark #1544-D: (ULP 13.1) Detected loop counting up. Recommend loops count down as detecting zeros is easier
"../main.c", line 100: remark #2553-D: (ULP 14.1) Array index (involving "i") of type "int". Recommend using "unsigned int"
"../main.c", line 101: remark #2553-D: (ULP 14.1) Array index (involving "i") of type "int". Recommend using "unsigned int"
"../main.c", line 102: remark #2553-D: (ULP 14.1) Array index (involving "i") of type "int". Recommend using "unsigned int"
"../main.c", line 103: remark #2553-D: (ULP 14.1) Array index (involving "i") of type "int". Recommend using "unsigned int"
"../main.c", line 45: remark #1535-D: (ULP 8.1) variable "wheel_move" is used as a constant. Recommend declaring variable as either 'static const' or 'const'
"../main.c", line 46: remark #1535-D: (ULP 8.1) variable "forward" is used as a constant. Recommend declaring variable as either 'static const' or 'const'
Finished building: "../main.c"
 
Building target: "Homework01a.out"
Invoking: MSP430 Linker
"C:/ti/ccs1281/ccs/tools/compiler/ti-cgt-msp430_21.6.1.LTS/bin/cl430" -vmspx --use_hw_mpy=F5 --advice:power=all --advice:hw_config=all --define=__MSP430FR2355__ --define=_FRWP_ENABLE --define=_INFO_FRWP_ENABLE -g --printf_support=minimal --diag_warning=225 --diag_wrap=off --display_error_number --silicon_errata=CPU21 --silicon_errata=CPU22 --silicon_errata=CPU40 -z -m"Homework01a.map" --heap_size=160 --stack_size=160 --cinit_hold_wdt=on -i"C:/ti/ccs1281/ccs/ccs_base/msp430/include" -i"C:/ti/ccs1281/ccs/ccs_base/msp430/lib/FR2xx" -i"C:/ti/ccs1281/ccs/tools/compiler/ti-cgt-msp430_21.6.1.LTS/lib" -i"C:/ti/ccs1281/ccs/tools/compiler/ti-cgt-msp430_21.6.1.LTS/include" --priority --reread_libs --define=_FRWP_ENABLE --define=_INFO_FRWP_ENABLE --diag_wrap=off --display_error_number --warn_sections --xml_link_info="Homework01a_linkInfo.xml" --use_hw_mpy=F5 --rom_model -o "Homework01a.out" "./main.obj" "../Compiled/LCD.obj" "../Compiled/clocks.obj" "../Compiled/ports.obj" "../Compiled/switches.obj" "../Compiled/system.obj" "../Compiled/timersB0.obj" "../lnk_msp430fr2355.cmd"  -lfrwp_init.a -llibc.a 
<Linking>
remark #10372-D: (ULP 4.1) Detected uninitialized Port A in this project. Recommend initializing all unused ports to eliminate wasted current consumption on unused pins.
remark #10372-D: (ULP 4.1) Detected uninitialized Port B in this project. Recommend initializing all unused ports to eliminate wasted current consumption on unused pins.
remark #10372-D: (ULP 4.1) Detected uninitialized Port C in this project. Recommend initializing all unused ports to eliminate wasted current consumption on unused pins.
remark #10422-D: (ULP 6.2) Detected use of a device with available 32-bit hardware multiplier and not also using MSPMATHLIB library (libmath.a).  Recommend using MSPMATHLIB library (libmath.a) for improved performance.
Finished building target: "Homework01a.out"
 

**** Build Finished ****

**** Build of configuration Debug for project Homework01a ****

"C:\\ti\\ccs1281\\ccs\\utils\\bin\\gmake" -k -j 8 all -O 
 
gmake[1]: 'Homework01a.out' is up to date.

**** Build Finished ****

**** Build of configuration Debug for project Homework01a ****

"C:\\ti\\ccs1281\\ccs\\utils\\bin\\gmake" -k -j 8 all -O 
 
gmake[1]: 'Homework01a.out' is up to date.

**** Build Finished ****

**** Build of configuration Debug for project Homework01a ****

"C:\\ti\\ccs1281\\ccs\\utils\\bin\\gmake" -k -j 8 all -O 
 
gmake[1]: 'Homework01a.out' is up to date.

**** Build Finished ****

**** Build of configuration Debug for project Homework01a ****

"C:\\ti\\ccs1281\\ccs\\utils\\bin\\gmake" -k -j 8 all -O 
 
gmake[1]: 'Homework01a.out' is up to date.

**** Build Finished ****

**** Build of configuration Debug for project Homework01a ****

"C:\\ti\\ccs1281\\ccs\\utils\\bin\\gmake" -k -j 8 all -O 
 
gmake[1]: 'Homework01a.out' is up to date.

**** Build Finished ****

**** Build of configuration Debug for project Homework01a ****

"C:\\ti\\ccs1281\\ccs\\utils\\bin\\gmake" -k -j 8 all -O 
 
gmake[1]: 'Homework01a.out' is up to date.

**** Build Finished ****
